<?xml version="1.0" encoding="UTF-8"?>
<!-- Generated by org.testng.reporters.JUnitReportReporter -->
<testsuite hostname="inc110" failures="0" tests="1" name="E2Eflow.AddCustomer" time="41.163" errors="0" timestamp="2021-06-18T10:15:41 IST" skipped="0">
  <testcase classname="E2Eflow.AddCustomer" name="newCustomer" time="41.163"/>
  <system-out/>
</testsuite> <!-- E2Eflow.AddCustomer -->
