<?xml version="1.0" encoding="UTF-8"?>
<!-- Generated by org.testng.reporters.JUnitReportReporter -->
<testsuite hostname="inc110" failures="0" tests="1" name="E2Eflow.Login" time="14.087" errors="0" timestamp="2021-06-16T15:21:45 IST" skipped="0">
  <testcase classname="E2Eflow.Login" name="loginPeduba" time="14.087"/>
  <system-out/>
</testsuite> <!-- E2Eflow.Login -->
