<?xml version="1.0" encoding="UTF-8"?>
<!-- Generated by org.testng.reporters.JUnitReportReporter -->
<testsuite hostname="inc110" failures="0" tests="1" name="E2Eflow.Customer" time="31.346" errors="0" timestamp="2021-06-17T13:33:48 IST" skipped="0">
  <testcase classname="E2Eflow.Customer" name="customerCreation" time="31.346"/>
  <system-out/>
</testsuite> <!-- E2Eflow.Customer -->
