<?xml version="1.0" encoding="UTF-8"?>
<!-- Generated by org.testng.reporters.JUnitReportReporter -->
<testsuite hostname="inc110" failures="0" tests="1" name="E2Eflow.LoginTest" time="8.659" errors="0" timestamp="23 Jun 2021 11:46:00 GMT" skipped="0">
  <testcase classname="E2Eflow.LoginTest" name="loginPeduba" time="8.659"/>
</testsuite> <!-- E2Eflow.LoginTest -->
